GROUP,PACKAGE,CLASS,INSTRUCTION_MISSED,INSTRUCTION_COVERED,BRANCH_MISSED,BRANCH_COVERED,LINE_MISSED,LINE_COVERED,COMPLEXITY_MISSED,COMPLEXITY_COVERED,METHOD_MISSED,METHOD_COVERED
ims,com.qa.ims.exceptions,CustomerNotFoundException,3,0,0,0,1,0,1,0,1,0
ims,com.qa.ims.controller,ItemController,0,166,0,2,0,43,0,8,0,7
ims,com.qa.ims.controller,Action,119,0,4,0,17,0,7,0,5,0
ims,com.qa.ims.controller,CustomerController,25,125,0,2,7,32,1,7,1,6
ims,com.qa.ims.controller,OrderItemController,273,85,9,3,66,22,9,8,4,7
ims,com.qa.ims.controller,OrderController,229,158,4,4,56,34,9,12,7,10
ims,com.qa.ims,IMS,273,0,39,0,82,0,29,0,6,0
ims,com.qa.ims,Runner,16,0,0,0,6,0,3,0,3,0
ims,com.qa.ims.persistence.dao,CustomerDAO,52,262,0,4,20,63,0,12,0,10
ims,com.qa.ims.persistence.dao,OrderDAO,221,437,5,15,72,101,8,21,5,14
ims,com.qa.ims.persistence.dao,OrderItemDAO,111,265,3,3,39,61,4,11,2,10
ims,com.qa.ims.persistence.dao,ItemDAO,62,341,0,6,24,79,0,14,0,11
ims,com.qa.ims.utils,DBUtils,22,164,0,4,9,32,1,13,1,11
ims,com.qa.ims.utils,Utils,59,3,4,0,23,1,7,1,5,1
ims,com.qa.ims.persistence.domain,JoinTable,6,238,10,12,2,50,10,21,0,20
ims,com.qa.ims.persistence.domain,Order,11,86,5,5,5,20,6,9,1,9
ims,com.qa.ims.persistence.domain,Domain,105,0,2,0,16,0,6,0,5,0
ims,com.qa.ims.persistence.domain,Item,6,146,6,8,2,32,6,14,0,13
ims,com.qa.ims.persistence.domain,Customer,29,146,15,15,10,38,13,13,0,11
ims,com.qa.ims.persistence.domain,OrderItem,11,214,9,9,5,48,10,18,1,18
